<?xml version="1.0" encoding="UTF-8"?>
<testsuite name="com.bridgelabz.moodanalyzer.MoodAnalyzerTest" tests="1" skipped="0" failures="0" errors="0" timestamp="2019-11-26T06:13:42" hostname="admin105-desktop" time="0.002">
  <properties/>
  <testcase name="giveMesaage_whenHappy_shouldReturnHappy" classname="com.bridgelabz.moodanalyzer.MoodAnalyzerTest" time="0.002"/>
  <system-out><![CDATA[]]></system-out>
  <system-err><![CDATA[]]></system-err>
</testsuite>
